<?xml version="1.0" encoding="UTF-8"?>
<!-- Generated by org.testng.reporters.JUnitReportReporter -->
<testsuite hostname="DESKTOP-02HNQTM" failures="0" tests="1" name="com.automation.testcases.LoginTestCRM" time="30.329" errors="0" timestamp="13 Nov 2021 18:25:45 GMT" skipped="0">
  <testcase classname="com.automation.testcases.LoginTestCRM" name="loginApp" time="30.329"/>
</testsuite> <!-- com.automation.testcases.LoginTestCRM -->
