<?xml version="1.0" encoding="UTF-8"?>
<!-- Generated by org.testng.reporters.JUnitReportReporter -->
<testsuite hostname="DESKTOP-02HNQTM" failures="0" tests="1" name="com.automation.testcases.LoginTestCRM" time="21.235" errors="0" timestamp="15 Nov 2021 06:35:20 GMT" skipped="0">
  <testcase classname="com.automation.testcases.LoginTestCRM" name="loginApp" time="21.235"/>
</testsuite> <!-- com.automation.testcases.LoginTestCRM -->
