<?xml version="1.0" encoding="UTF-8"?>
<!-- Generated by org.testng.reporters.JUnitReportReporter -->
<testsuite hostname="DESKTOP-02HNQTM" failures="0" tests="1" name="com.automation.testcases.LoginTestCRM" time="20.435" errors="0" timestamp="18 Nov 2021 08:13:13 GMT" skipped="0">
  <testcase classname="com.automation.testcases.LoginTestCRM" name="loginApp" time="20.435"/>
</testsuite> <!-- com.automation.testcases.LoginTestCRM -->
